[0.019s] Invoking command in '/home/henning/urdf_example/build/urdf_example': CMAKE_PREFIX_PATH=/opt/ros/iron /usr/bin/cmake --build /home/henning/urdf_example/build/urdf_example -- -j2 -l2
[0.070s] Invoked command in '/home/henning/urdf_example/build/urdf_example' returned '0': CMAKE_PREFIX_PATH=/opt/ros/iron /usr/bin/cmake --build /home/henning/urdf_example/build/urdf_example -- -j2 -l2
[0.116s] Invoking command in '/home/henning/urdf_example/build/urdf_example': CMAKE_PREFIX_PATH=/opt/ros/iron /usr/bin/cmake --install /home/henning/urdf_example/build/urdf_example
[0.129s] -- Install configuration: ""
[0.129s] -- Execute custom install script
[0.131s] -- Up-to-date symlink: /home/henning/urdf_example/install/urdf_example/share/urdf_example/description/example_gazebo.xacro
[0.131s] -- Up-to-date symlink: /home/henning/urdf_example/install/urdf_example/share/urdf_example/description/example_include.xacro
[0.131s] -- Up-to-date symlink: /home/henning/urdf_example/install/urdf_example/share/urdf_example/description/example_robot.urdf.xacro
[0.132s] -- Up-to-date symlink: /home/henning/urdf_example/install/urdf_example/share/urdf_example/launch/rsp.launch.py
[0.133s] -- Up-to-date symlink: /home/henning/urdf_example/install/urdf_example/share/urdf_example/launch/rsp_sim.launch.py
[0.133s] -- Up-to-date symlink: /home/henning/urdf_example/install/urdf_example/share/urdf_example/worlds/test_world.world
[0.133s] -- Up-to-date symlink: /home/henning/urdf_example/install/urdf_example/share/ament_index/resource_index/package_run_dependencies/urdf_example
[0.133s] -- Up-to-date symlink: /home/henning/urdf_example/install/urdf_example/share/ament_index/resource_index/parent_prefix_path/urdf_example
[0.134s] -- Up-to-date symlink: /home/henning/urdf_example/install/urdf_example/share/urdf_example/environment/ament_prefix_path.sh
[0.134s] -- Up-to-date symlink: /home/henning/urdf_example/install/urdf_example/share/urdf_example/environment/ament_prefix_path.dsv
[0.136s] -- Up-to-date symlink: /home/henning/urdf_example/install/urdf_example/share/urdf_example/environment/path.sh
[0.137s] -- Up-to-date symlink: /home/henning/urdf_example/install/urdf_example/share/urdf_example/environment/path.dsv
[0.137s] -- Up-to-date symlink: /home/henning/urdf_example/install/urdf_example/share/urdf_example/local_setup.bash
[0.137s] -- Up-to-date symlink: /home/henning/urdf_example/install/urdf_example/share/urdf_example/local_setup.sh
[0.137s] -- Up-to-date symlink: /home/henning/urdf_example/install/urdf_example/share/urdf_example/local_setup.zsh
[0.138s] -- Up-to-date symlink: /home/henning/urdf_example/install/urdf_example/share/urdf_example/local_setup.dsv
[0.138s] -- Symlinking: /home/henning/urdf_example/install/urdf_example/share/urdf_example/package.dsv
[0.153s] -- Up-to-date symlink: /home/henning/urdf_example/install/urdf_example/share/ament_index/resource_index/packages/urdf_example
[0.153s] -- Up-to-date symlink: /home/henning/urdf_example/install/urdf_example/share/urdf_example/cmake/urdf_exampleConfig.cmake
[0.153s] -- Up-to-date symlink: /home/henning/urdf_example/install/urdf_example/share/urdf_example/cmake/urdf_exampleConfig-version.cmake
[0.154s] -- Up-to-date symlink: /home/henning/urdf_example/install/urdf_example/share/urdf_example/package.xml
[0.156s] Invoked command in '/home/henning/urdf_example/build/urdf_example' returned '0': CMAKE_PREFIX_PATH=/opt/ros/iron /usr/bin/cmake --install /home/henning/urdf_example/build/urdf_example
